analytics/build/outputs/logs/manifest-merger-debug-report.txt
-- Merging decision tree log ---
manifest
ADDED from src\main\AndroidManifest.xml:26:1-32:12
INJECTED from src\main\AndroidManifest.xml:26:1-32:12
INJECTED from src\main\AndroidManifest.xml:26:1-32:12
INJECTED from src\main\AndroidManifest.xml:26:1-32:12
INJECTED from src\main\AndroidManifest.xml:26:1-32:12
INJECTED from src\main\AndroidManifest.xml:26:1-32:12
INJECTED from src\main\AndroidManifest.xml:26:1-32:12
	package
		ADDED from src\main\AndroidManifest.xml:27:5-41
		INJECTED from src\main\AndroidManifest.xml
		INJECTED from src\main\AndroidManifest.xml
	android:versionName
		INJECTED from src\main\AndroidManifest.xml
		ADDED from src\main\AndroidManifest.xml:26:1-32:12
		INJECTED from src\main\AndroidManifest.xml
	android:versionCode
		INJECTED from src\main\AndroidManifest.xml
		ADDED from src\main\AndroidManifest.xml:26:1-32:12
		INJECTED from src\main\AndroidManifest.xml
	xmlns:android
		ADDED from src\main\AndroidManifest.xml:26:11-69
uses-permission#android.permission.INTERNET
ADDED from src\main\AndroidManifest.xml:29:3-64
	android:name
		ADDED from src\main\AndroidManifest.xml:29:20-62
application
ADDED from src\main\AndroidManifest.xml:31:3-17
uses-sdk
INJECTED from src\main\AndroidManifest.xml reason: use-sdk injection requested
INJECTED from src\main\AndroidManifest.xml
INJECTED from src\main\AndroidManifest.xml
INJECTED from src\main\AndroidManifest.xml
INJECTED from src\main\AndroidManifest.xml
	android:targetSdkVersion
		INJECTED from src\main\AndroidManifest.xml
		ADDED from src\main\AndroidManifest.xml
		INJECTED from src\main\AndroidManifest.xml
	android:minSdkVersion
		INJECTED from src\main\AndroidManifest.xml
		ADDED from src\main\AndroidManifest.xml
		INJECTED from src\main\AndroidManifest.xml